2026-01-10T16:17:55.426238 | ARGS: Namespace(policy='WF_V1', symbol='SYNTHETIC', data_path='results/synthetic_meta.csv', capital=100000.0, max_drawdown=0.2, weighting='equal', tag='COMPETITION_DRY_RUN', paper=True, paper_log='results/competition_dry_run_log.jsonl', paper_max_notional=0.0, execution_policy='COMPETITION_5PERCENTERS')
2026-01-10T16:17:55.443690 | PROMOTED_COUNT: 2
2026-01-10T16:32:48.724588 | ARGS: Namespace(policy='WF_V1', symbol='EURUSD', data_path='results/eurusd_meta.csv', capital=100000.0, max_drawdown=0.2, weighting='equal', tag='COMPETITION_DRY_RUN', paper=True, paper_log='results/competition_dry_run_eurusd.jsonl', paper_max_notional=0.0, execution_policy='COMPETITION_5PERCENTERS')
2026-01-10T16:32:48.743462 | PROMOTED_COUNT: 2
2026-01-10T16:50:03.196283 | ARGS: Namespace(policy='WF_V1', symbol='EURUSD', data_path='results/eurusd_meta.csv', capital=100000.0, max_drawdown=0.2, weighting='equal', tag='COMPETITION_DRY_RUN', paper=True, paper_log='results/competition_dry_run_eurusd.jsonl', paper_max_notional=0.0, execution_policy='COMPETITION_5PERCENTERS')
2026-01-10T16:50:03.212550 | PROMOTED_COUNT: 2
2026-01-14T09:13:43.191461 | ARGS: Namespace(policy='WF_V1', symbol='EURUSD', data_path='results/live_eurusd.csv', capital=10000.0, max_drawdown=0.2, weighting='equal', tag='COMPETITION_LIVE', paper=False, paper_log='results/competition_live_log.jsonl', paper_max_notional=0.0, execution_policy='RESEARCH', state_path='results/live_state.json')
2026-01-14T09:13:43.211768 | PROMOTED_COUNT: 2
2026-01-14T09:20:47.079631 | ARGS: Namespace(policy='WF_V1', symbol='EURUSD', data_path='C:\\Users\\HP\\AppData\\Roaming\\MetaQuotes\\Terminal\\10CE948A1DFC9A8C27E56E827008EBD4\\MQL5\\Files\\results\\live_eurusd.csv', capital=10000.0, max_drawdown=0.2, weighting='equal', tag='COMPETITION_LIVE', paper=False, paper_log='results/competition_live_log.jsonl', paper_max_notional=0.0, execution_policy='RESEARCH', state_path='results/live_state.json')
2026-01-14T09:20:47.089032 | PROMOTED_COUNT: 2
2026-01-14T09:59:27.026848 | ARGS: Namespace(policy='WF_V1', symbol='EURUSD', data_path='C:\\Users\\HP\\AppData\\Roaming\\MetaQuotes\\Terminal\\10CE948A1DFC9A8C27E56E827008EBD4\\MQL5\\Files\\results\\live_eurusd.csv', capital=10000.0, max_drawdown=0.2, weighting='equal', tag='COMPETITION_LIVE', paper=False, paper_log='results/competition_live_log.jsonl', paper_max_notional=0.0, execution_policy='RESEARCH', state_path='results/live_state.json')
2026-01-14T09:59:27.061050 | PROMOTED_COUNT: 2
2026-01-14T10:24:13.839147 | ARGS: Namespace(policy='WF_V1', symbol='EURUSD', data_path='C:\\Users\\HP\\AppData\\Roaming\\MetaQuotes\\Terminal\\10CE948A1DFC9A8C27E56E827008EBD4\\MQL5\\Files\\results\\live_eurusd.csv', capital=10000.0, max_drawdown=0.2, weighting='equal', tag='COMPETITION_LIVE', paper=False, paper_log='results/competition_live_log.jsonl', paper_max_notional=0.0, execution_policy='RESEARCH', state_path='results/live_state.json')
2026-01-14T10:24:13.856709 | PROMOTED_COUNT: 2
2026-01-14T10:47:57.162758 | ARGS: Namespace(policy='WF_V1', symbol='EURUSD', data_path='C:\\Users\\HP\\AppData\\Roaming\\MetaQuotes\\Terminal\\10CE948A1DFC9A8C27E56E827008EBD4\\MQL5\\Files\\results\\live_eurusd.csv', capital=10000.0, max_drawdown=0.2, weighting='equal', tag='COMPETITION_LIVE', paper=False, paper_log='results\\competition_live_log.jsonl', paper_max_notional=0.0, execution_policy='RESEARCH', state_path='results\\live_state.json')
2026-01-14T10:47:57.190219 | PROMOTED_COUNT: 2
2026-01-14T10:52:03.291751 | ARGS: Namespace(policy='WF_V1', symbol='EURUSD', data_path='C:\\Users\\HP\\AppData\\Roaming\\MetaQuotes\\Terminal\\10CE948A1DFC9A8C27E56E827008EBD4\\MQL5\\Files\\results\\live_eurusd.csv', capital=10000.0, max_drawdown=0.2, weighting='equal', tag='COMPETITION_LIVE', paper=False, paper_log='results\\competition_live_log.jsonl', paper_max_notional=0.0, execution_policy='RESEARCH', state_path='results\\live_state.json')
2026-01-14T10:52:03.297788 | PROMOTED_COUNT: 2
2026-01-14T10:57:04.390496 | ARGS: Namespace(policy='WF_V1', symbol='EURUSD', data_path='C:\\Users\\HP\\AppData\\Roaming\\MetaQuotes\\Terminal\\10CE948A1DFC9A8C27E56E827008EBD4\\MQL5\\Files\\results\\live_eurusd.csv', capital=10000.0, max_drawdown=0.2, weighting='equal', tag='COMPETITION_LIVE', paper=False, paper_log='results\\competition_live_log.jsonl', paper_max_notional=0.0, execution_policy='RESEARCH', state_path='results\\live_state.json')
2026-01-14T10:57:04.407695 | PROMOTED_COUNT: 2
2026-01-14T11:02:04.222323 | ARGS: Namespace(policy='WF_V1', symbol='EURUSD', data_path='C:\\Users\\HP\\AppData\\Roaming\\MetaQuotes\\Terminal\\10CE948A1DFC9A8C27E56E827008EBD4\\MQL5\\Files\\results\\live_eurusd.csv', capital=10000.0, max_drawdown=0.2, weighting='equal', tag='COMPETITION_LIVE', paper=False, paper_log='results\\competition_live_log.jsonl', paper_max_notional=0.0, execution_policy='RESEARCH', state_path='results\\live_state.json')
2026-01-14T11:02:04.236305 | PROMOTED_COUNT: 2
2026-01-14T11:09:19.325657 | ARGS: Namespace(policy='WF_V1', symbol='EURUSD', data_path='C:\\Users\\HP\\AppData\\Roaming\\MetaQuotes\\Terminal\\10CE948A1DFC9A8C27E56E827008EBD4\\MQL5\\Files\\results\\live_eurusd.csv', capital=10000.0, max_drawdown=0.2, weighting='equal', tag='COMPETITION_LIVE', paper=False, paper_log='results\\competition_live_log.jsonl', paper_max_notional=0.0, execution_policy='RESEARCH', state_path='results\\live_state.json')
2026-01-14T11:09:19.346684 | PROMOTED_COUNT: 2
2026-01-14T11:28:08.751277 | ARGS: Namespace(policy='WF_V1', symbol='EURUSD', data_path='C:\\Users\\HP\\AppData\\Roaming\\MetaQuotes\\Terminal\\10CE948A1DFC9A8C27E56E827008EBD4\\MQL5\\Files\\results\\live_eurusd.csv', capital=10000.0, max_drawdown=0.2, weighting='equal', tag='COMPETITION_LIVE', paper=False, paper_log='results/competition_live_log.jsonl', paper_max_notional=0.0, execution_policy='RESEARCH', state_path='results/live_state.json')
2026-01-14T11:28:08.756884 | PROMOTED_COUNT: 2
2026-01-14T11:40:58.560576 | ARGS: Namespace(policy='WF_V1', symbol='EURUSD', data_path='C:\\Users\\HP\\AppData\\Roaming\\MetaQuotes\\Terminal\\10CE948A1DFC9A8C27E56E827008EBD4\\MQL5\\Files\\results\\live_eurusd.csv', capital=10000.0, max_drawdown=0.2, weighting='equal', tag='COMPETITION_LIVE', paper=False, paper_log='results/competition_live_log.jsonl', paper_max_notional=0.0, execution_policy='RESEARCH', state_path='results/live_state.json')
2026-01-14T11:40:58.566218 | PROMOTED_COUNT: 2
2026-01-14T11:51:34.582057 | ARGS: Namespace(policy='WF_V1', symbol='EURUSD', data_path='C:\\Users\\HP\\AppData\\Roaming\\MetaQuotes\\Terminal\\10CE948A1DFC9A8C27E56E827008EBD4\\MQL5\\Files\\results\\live_eurusd.csv', capital=10000.0, max_drawdown=0.2, weighting='equal', tag='COMPETITION_LIVE', paper=False, paper_log='results/competition_live_log.jsonl', paper_max_notional=0.0, execution_policy='RESEARCH', state_path='results/live_state.json')
2026-01-14T11:51:34.587611 | PROMOTED_COUNT: 2
2026-01-14T11:52:04.881692 | ARGS: Namespace(policy='WF_V1', symbol='EURUSD', data_path='C:\\Users\\HP\\AppData\\Roaming\\MetaQuotes\\Terminal\\10CE948A1DFC9A8C27E56E827008EBD4\\MQL5\\Files\\results\\live_eurusd.csv', capital=10000.0, max_drawdown=0.2, weighting='equal', tag='COMPETITION_LIVE', paper=False, paper_log='results/competition_live_log.jsonl', paper_max_notional=0.0, execution_policy='RESEARCH', state_path='results/live_state.json')
2026-01-14T11:52:04.887320 | PROMOTED_COUNT: 2
2026-01-14T11:57:03.780444 | ARGS: Namespace(policy='WF_V1', symbol='EURUSD', data_path='C:\\Users\\HP\\AppData\\Roaming\\MetaQuotes\\Terminal\\10CE948A1DFC9A8C27E56E827008EBD4\\MQL5\\Files\\results\\live_eurusd.csv', capital=10000.0, max_drawdown=0.2, weighting='equal', tag='COMPETITION_LIVE', paper=False, paper_log='results/competition_live_log.jsonl', paper_max_notional=0.0, execution_policy='RESEARCH', state_path='results/live_state.json')
2026-01-14T11:57:03.784980 | PROMOTED_COUNT: 2
2026-01-14T12:02:04.754970 | ARGS: Namespace(policy='WF_V1', symbol='EURUSD', data_path='C:\\Users\\HP\\AppData\\Roaming\\MetaQuotes\\Terminal\\10CE948A1DFC9A8C27E56E827008EBD4\\MQL5\\Files\\results\\live_eurusd.csv', capital=10000.0, max_drawdown=0.2, weighting='equal', tag='COMPETITION_LIVE', paper=False, paper_log='results/competition_live_log.jsonl', paper_max_notional=0.0, execution_policy='RESEARCH', state_path='results/live_state.json')
2026-01-14T12:02:04.776099 | PROMOTED_COUNT: 2
2026-01-14T12:07:03.759767 | ARGS: Namespace(policy='WF_V1', symbol='EURUSD', data_path='C:\\Users\\HP\\AppData\\Roaming\\MetaQuotes\\Terminal\\10CE948A1DFC9A8C27E56E827008EBD4\\MQL5\\Files\\results\\live_eurusd.csv', capital=10000.0, max_drawdown=0.2, weighting='equal', tag='COMPETITION_LIVE', paper=False, paper_log='results/competition_live_log.jsonl', paper_max_notional=0.0, execution_policy='RESEARCH', state_path='results/live_state.json')
2026-01-14T12:07:03.793491 | PROMOTED_COUNT: 2
2026-01-14T12:12:04.594614 | ARGS: Namespace(policy='WF_V1', symbol='EURUSD', data_path='C:\\Users\\HP\\AppData\\Roaming\\MetaQuotes\\Terminal\\10CE948A1DFC9A8C27E56E827008EBD4\\MQL5\\Files\\results\\live_eurusd.csv', capital=10000.0, max_drawdown=0.2, weighting='equal', tag='COMPETITION_LIVE', paper=False, paper_log='results/competition_live_log.jsonl', paper_max_notional=0.0, execution_policy='RESEARCH', state_path='results/live_state.json')
2026-01-14T12:12:04.605329 | PROMOTED_COUNT: 2
2026-01-14T12:17:04.707147 | ARGS: Namespace(policy='WF_V1', symbol='EURUSD', data_path='C:\\Users\\HP\\AppData\\Roaming\\MetaQuotes\\Terminal\\10CE948A1DFC9A8C27E56E827008EBD4\\MQL5\\Files\\results\\live_eurusd.csv', capital=10000.0, max_drawdown=0.2, weighting='equal', tag='COMPETITION_LIVE', paper=False, paper_log='results/competition_live_log.jsonl', paper_max_notional=0.0, execution_policy='RESEARCH', state_path='results/live_state.json')
2026-01-14T12:17:04.717595 | PROMOTED_COUNT: 2
2026-01-14T12:22:04.713407 | ARGS: Namespace(policy='WF_V1', symbol='EURUSD', data_path='C:\\Users\\HP\\AppData\\Roaming\\MetaQuotes\\Terminal\\10CE948A1DFC9A8C27E56E827008EBD4\\MQL5\\Files\\results\\live_eurusd.csv', capital=10000.0, max_drawdown=0.2, weighting='equal', tag='COMPETITION_LIVE', paper=False, paper_log='results/competition_live_log.jsonl', paper_max_notional=0.0, execution_policy='RESEARCH', state_path='results/live_state.json')
2026-01-14T12:22:04.723513 | PROMOTED_COUNT: 2
2026-01-14T12:27:04.628110 | ARGS: Namespace(policy='WF_V1', symbol='EURUSD', data_path='C:\\Users\\HP\\AppData\\Roaming\\MetaQuotes\\Terminal\\10CE948A1DFC9A8C27E56E827008EBD4\\MQL5\\Files\\results\\live_eurusd.csv', capital=10000.0, max_drawdown=0.2, weighting='equal', tag='COMPETITION_LIVE', paper=False, paper_log='results/competition_live_log.jsonl', paper_max_notional=0.0, execution_policy='RESEARCH', state_path='results/live_state.json')
2026-01-14T12:27:04.638967 | PROMOTED_COUNT: 2
2026-01-14T12:32:04.657445 | ARGS: Namespace(policy='WF_V1', symbol='EURUSD', data_path='C:\\Users\\HP\\AppData\\Roaming\\MetaQuotes\\Terminal\\10CE948A1DFC9A8C27E56E827008EBD4\\MQL5\\Files\\results\\live_eurusd.csv', capital=10000.0, max_drawdown=0.2, weighting='equal', tag='COMPETITION_LIVE', paper=False, paper_log='results/competition_live_log.jsonl', paper_max_notional=0.0, execution_policy='RESEARCH', state_path='results/live_state.json')
2026-01-14T12:32:04.667636 | PROMOTED_COUNT: 2
2026-01-14T12:37:04.614302 | ARGS: Namespace(policy='WF_V1', symbol='EURUSD', data_path='C:\\Users\\HP\\AppData\\Roaming\\MetaQuotes\\Terminal\\10CE948A1DFC9A8C27E56E827008EBD4\\MQL5\\Files\\results\\live_eurusd.csv', capital=10000.0, max_drawdown=0.2, weighting='equal', tag='COMPETITION_LIVE', paper=False, paper_log='results/competition_live_log.jsonl', paper_max_notional=0.0, execution_policy='RESEARCH', state_path='results/live_state.json')
2026-01-14T12:37:04.624599 | PROMOTED_COUNT: 2
2026-01-14T12:42:04.611794 | ARGS: Namespace(policy='WF_V1', symbol='EURUSD', data_path='C:\\Users\\HP\\AppData\\Roaming\\MetaQuotes\\Terminal\\10CE948A1DFC9A8C27E56E827008EBD4\\MQL5\\Files\\results\\live_eurusd.csv', capital=10000.0, max_drawdown=0.2, weighting='equal', tag='COMPETITION_LIVE', paper=False, paper_log='results/competition_live_log.jsonl', paper_max_notional=0.0, execution_policy='RESEARCH', state_path='results/live_state.json')
2026-01-14T12:42:04.622584 | PROMOTED_COUNT: 2
2026-01-14T12:47:05.124715 | ARGS: Namespace(policy='WF_V1', symbol='EURUSD', data_path='C:\\Users\\HP\\AppData\\Roaming\\MetaQuotes\\Terminal\\10CE948A1DFC9A8C27E56E827008EBD4\\MQL5\\Files\\results\\live_eurusd.csv', capital=10000.0, max_drawdown=0.2, weighting='equal', tag='COMPETITION_LIVE', paper=False, paper_log='results/competition_live_log.jsonl', paper_max_notional=0.0, execution_policy='RESEARCH', state_path='results/live_state.json')
2026-01-14T12:47:05.134886 | PROMOTED_COUNT: 2
2026-01-14T12:52:05.041091 | ARGS: Namespace(policy='WF_V1', symbol='EURUSD', data_path='C:\\Users\\HP\\AppData\\Roaming\\MetaQuotes\\Terminal\\10CE948A1DFC9A8C27E56E827008EBD4\\MQL5\\Files\\results\\live_eurusd.csv', capital=10000.0, max_drawdown=0.2, weighting='equal', tag='COMPETITION_LIVE', paper=False, paper_log='results/competition_live_log.jsonl', paper_max_notional=0.0, execution_policy='RESEARCH', state_path='results/live_state.json')
2026-01-14T12:52:05.070185 | PROMOTED_COUNT: 2
2026-01-14T12:57:04.617958 | ARGS: Namespace(policy='WF_V1', symbol='EURUSD', data_path='C:\\Users\\HP\\AppData\\Roaming\\MetaQuotes\\Terminal\\10CE948A1DFC9A8C27E56E827008EBD4\\MQL5\\Files\\results\\live_eurusd.csv', capital=10000.0, max_drawdown=0.2, weighting='equal', tag='COMPETITION_LIVE', paper=False, paper_log='results/competition_live_log.jsonl', paper_max_notional=0.0, execution_policy='RESEARCH', state_path='results/live_state.json')
2026-01-14T12:57:04.628496 | PROMOTED_COUNT: 2
2026-01-14T13:02:04.683220 | ARGS: Namespace(policy='WF_V1', symbol='EURUSD', data_path='C:\\Users\\HP\\AppData\\Roaming\\MetaQuotes\\Terminal\\10CE948A1DFC9A8C27E56E827008EBD4\\MQL5\\Files\\results\\live_eurusd.csv', capital=10000.0, max_drawdown=0.2, weighting='equal', tag='COMPETITION_LIVE', paper=False, paper_log='results/competition_live_log.jsonl', paper_max_notional=0.0, execution_policy='RESEARCH', state_path='results/live_state.json')
2026-01-14T13:02:04.694113 | PROMOTED_COUNT: 2
2026-01-14T13:07:04.676357 | ARGS: Namespace(policy='WF_V1', symbol='EURUSD', data_path='C:\\Users\\HP\\AppData\\Roaming\\MetaQuotes\\Terminal\\10CE948A1DFC9A8C27E56E827008EBD4\\MQL5\\Files\\results\\live_eurusd.csv', capital=10000.0, max_drawdown=0.2, weighting='equal', tag='COMPETITION_LIVE', paper=False, paper_log='results/competition_live_log.jsonl', paper_max_notional=0.0, execution_policy='RESEARCH', state_path='results/live_state.json')
2026-01-14T13:07:04.686420 | PROMOTED_COUNT: 2
2026-01-14T13:12:04.670175 | ARGS: Namespace(policy='WF_V1', symbol='EURUSD', data_path='C:\\Users\\HP\\AppData\\Roaming\\MetaQuotes\\Terminal\\10CE948A1DFC9A8C27E56E827008EBD4\\MQL5\\Files\\results\\live_eurusd.csv', capital=10000.0, max_drawdown=0.2, weighting='equal', tag='COMPETITION_LIVE', paper=False, paper_log='results/competition_live_log.jsonl', paper_max_notional=0.0, execution_policy='RESEARCH', state_path='results/live_state.json')
2026-01-14T13:12:04.681742 | PROMOTED_COUNT: 2
2026-01-14T13:17:04.691921 | ARGS: Namespace(policy='WF_V1', symbol='EURUSD', data_path='C:\\Users\\HP\\AppData\\Roaming\\MetaQuotes\\Terminal\\10CE948A1DFC9A8C27E56E827008EBD4\\MQL5\\Files\\results\\live_eurusd.csv', capital=10000.0, max_drawdown=0.2, weighting='equal', tag='COMPETITION_LIVE', paper=False, paper_log='results/competition_live_log.jsonl', paper_max_notional=0.0, execution_policy='RESEARCH', state_path='results/live_state.json')
2026-01-14T13:17:04.701990 | PROMOTED_COUNT: 2
2026-01-14T13:22:04.671607 | ARGS: Namespace(policy='WF_V1', symbol='EURUSD', data_path='C:\\Users\\HP\\AppData\\Roaming\\MetaQuotes\\Terminal\\10CE948A1DFC9A8C27E56E827008EBD4\\MQL5\\Files\\results\\live_eurusd.csv', capital=10000.0, max_drawdown=0.2, weighting='equal', tag='COMPETITION_LIVE', paper=False, paper_log='results/competition_live_log.jsonl', paper_max_notional=0.0, execution_policy='RESEARCH', state_path='results/live_state.json')
2026-01-14T13:22:04.682218 | PROMOTED_COUNT: 2
2026-01-14T13:27:04.704509 | ARGS: Namespace(policy='WF_V1', symbol='EURUSD', data_path='C:\\Users\\HP\\AppData\\Roaming\\MetaQuotes\\Terminal\\10CE948A1DFC9A8C27E56E827008EBD4\\MQL5\\Files\\results\\live_eurusd.csv', capital=10000.0, max_drawdown=0.2, weighting='equal', tag='COMPETITION_LIVE', paper=False, paper_log='results/competition_live_log.jsonl', paper_max_notional=0.0, execution_policy='RESEARCH', state_path='results/live_state.json')
2026-01-14T13:27:04.715725 | PROMOTED_COUNT: 2
2026-01-14T13:32:04.803366 | ARGS: Namespace(policy='WF_V1', symbol='EURUSD', data_path='C:\\Users\\HP\\AppData\\Roaming\\MetaQuotes\\Terminal\\10CE948A1DFC9A8C27E56E827008EBD4\\MQL5\\Files\\results\\live_eurusd.csv', capital=10000.0, max_drawdown=0.2, weighting='equal', tag='COMPETITION_LIVE', paper=False, paper_log='results/competition_live_log.jsonl', paper_max_notional=0.0, execution_policy='RESEARCH', state_path='results/live_state.json')
2026-01-14T13:32:04.813754 | PROMOTED_COUNT: 2
2026-01-14T13:37:04.676282 | ARGS: Namespace(policy='WF_V1', symbol='EURUSD', data_path='C:\\Users\\HP\\AppData\\Roaming\\MetaQuotes\\Terminal\\10CE948A1DFC9A8C27E56E827008EBD4\\MQL5\\Files\\results\\live_eurusd.csv', capital=10000.0, max_drawdown=0.2, weighting='equal', tag='COMPETITION_LIVE', paper=False, paper_log='results/competition_live_log.jsonl', paper_max_notional=0.0, execution_policy='RESEARCH', state_path='results/live_state.json')
2026-01-14T13:37:04.686965 | PROMOTED_COUNT: 2
2026-01-14T13:42:04.728125 | ARGS: Namespace(policy='WF_V1', symbol='EURUSD', data_path='C:\\Users\\HP\\AppData\\Roaming\\MetaQuotes\\Terminal\\10CE948A1DFC9A8C27E56E827008EBD4\\MQL5\\Files\\results\\live_eurusd.csv', capital=10000.0, max_drawdown=0.2, weighting='equal', tag='COMPETITION_LIVE', paper=False, paper_log='results/competition_live_log.jsonl', paper_max_notional=0.0, execution_policy='RESEARCH', state_path='results/live_state.json')
2026-01-14T13:42:04.738848 | PROMOTED_COUNT: 2
2026-01-14T13:47:04.658754 | ARGS: Namespace(policy='WF_V1', symbol='EURUSD', data_path='C:\\Users\\HP\\AppData\\Roaming\\MetaQuotes\\Terminal\\10CE948A1DFC9A8C27E56E827008EBD4\\MQL5\\Files\\results\\live_eurusd.csv', capital=10000.0, max_drawdown=0.2, weighting='equal', tag='COMPETITION_LIVE', paper=False, paper_log='results/competition_live_log.jsonl', paper_max_notional=0.0, execution_policy='RESEARCH', state_path='results/live_state.json')
2026-01-14T13:47:04.668980 | PROMOTED_COUNT: 2
2026-01-14T13:52:04.715005 | ARGS: Namespace(policy='WF_V1', symbol='EURUSD', data_path='C:\\Users\\HP\\AppData\\Roaming\\MetaQuotes\\Terminal\\10CE948A1DFC9A8C27E56E827008EBD4\\MQL5\\Files\\results\\live_eurusd.csv', capital=10000.0, max_drawdown=0.2, weighting='equal', tag='COMPETITION_LIVE', paper=False, paper_log='results/competition_live_log.jsonl', paper_max_notional=0.0, execution_policy='RESEARCH', state_path='results/live_state.json')
2026-01-14T13:52:04.725327 | PROMOTED_COUNT: 2
2026-01-14T13:57:05.018567 | ARGS: Namespace(policy='WF_V1', symbol='EURUSD', data_path='C:\\Users\\HP\\AppData\\Roaming\\MetaQuotes\\Terminal\\10CE948A1DFC9A8C27E56E827008EBD4\\MQL5\\Files\\results\\live_eurusd.csv', capital=10000.0, max_drawdown=0.2, weighting='equal', tag='COMPETITION_LIVE', paper=False, paper_log='results/competition_live_log.jsonl', paper_max_notional=0.0, execution_policy='RESEARCH', state_path='results/live_state.json')
2026-01-14T13:57:05.029165 | PROMOTED_COUNT: 2
2026-01-14T14:02:07.059051 | ARGS: Namespace(policy='WF_V1', symbol='EURUSD', data_path='C:\\Users\\HP\\AppData\\Roaming\\MetaQuotes\\Terminal\\10CE948A1DFC9A8C27E56E827008EBD4\\MQL5\\Files\\results\\live_eurusd.csv', capital=10000.0, max_drawdown=0.2, weighting='equal', tag='COMPETITION_LIVE', paper=False, paper_log='results/competition_live_log.jsonl', paper_max_notional=0.0, execution_policy='RESEARCH', state_path='results/live_state.json')
2026-01-14T14:02:07.085503 | PROMOTED_COUNT: 2
2026-01-14T14:07:05.010123 | ARGS: Namespace(policy='WF_V1', symbol='EURUSD', data_path='C:\\Users\\HP\\AppData\\Roaming\\MetaQuotes\\Terminal\\10CE948A1DFC9A8C27E56E827008EBD4\\MQL5\\Files\\results\\live_eurusd.csv', capital=10000.0, max_drawdown=0.2, weighting='equal', tag='COMPETITION_LIVE', paper=False, paper_log='results/competition_live_log.jsonl', paper_max_notional=0.0, execution_policy='RESEARCH', state_path='results/live_state.json')
2026-01-14T14:07:05.022653 | PROMOTED_COUNT: 2
2026-01-14T14:12:04.884750 | ARGS: Namespace(policy='WF_V1', symbol='EURUSD', data_path='C:\\Users\\HP\\AppData\\Roaming\\MetaQuotes\\Terminal\\10CE948A1DFC9A8C27E56E827008EBD4\\MQL5\\Files\\results\\live_eurusd.csv', capital=10000.0, max_drawdown=0.2, weighting='equal', tag='COMPETITION_LIVE', paper=False, paper_log='results/competition_live_log.jsonl', paper_max_notional=0.0, execution_policy='RESEARCH', state_path='results/live_state.json')
2026-01-14T14:12:04.896591 | PROMOTED_COUNT: 2
2026-01-14T14:17:04.901906 | ARGS: Namespace(policy='WF_V1', symbol='EURUSD', data_path='C:\\Users\\HP\\AppData\\Roaming\\MetaQuotes\\Terminal\\10CE948A1DFC9A8C27E56E827008EBD4\\MQL5\\Files\\results\\live_eurusd.csv', capital=10000.0, max_drawdown=0.2, weighting='equal', tag='COMPETITION_LIVE', paper=False, paper_log='results/competition_live_log.jsonl', paper_max_notional=0.0, execution_policy='RESEARCH', state_path='results/live_state.json')
2026-01-14T14:17:04.912379 | PROMOTED_COUNT: 2
2026-01-14T14:22:06.535468 | ARGS: Namespace(policy='WF_V1', symbol='EURUSD', data_path='C:\\Users\\HP\\AppData\\Roaming\\MetaQuotes\\Terminal\\10CE948A1DFC9A8C27E56E827008EBD4\\MQL5\\Files\\results\\live_eurusd.csv', capital=10000.0, max_drawdown=0.2, weighting='equal', tag='COMPETITION_LIVE', paper=False, paper_log='results/competition_live_log.jsonl', paper_max_notional=0.0, execution_policy='RESEARCH', state_path='results/live_state.json')
2026-01-14T14:22:06.551596 | PROMOTED_COUNT: 2
2026-01-14T14:27:06.401080 | ARGS: Namespace(policy='WF_V1', symbol='EURUSD', data_path='C:\\Users\\HP\\AppData\\Roaming\\MetaQuotes\\Terminal\\10CE948A1DFC9A8C27E56E827008EBD4\\MQL5\\Files\\results\\live_eurusd.csv', capital=10000.0, max_drawdown=0.2, weighting='equal', tag='COMPETITION_LIVE', paper=False, paper_log='results/competition_live_log.jsonl', paper_max_notional=0.0, execution_policy='RESEARCH', state_path='results/live_state.json', explain_decisions=False)
2026-01-14T14:27:06.414587 | PROMOTED_COUNT: 2
2026-01-14T14:32:06.770464 | ARGS: Namespace(policy='WF_V1', symbol='EURUSD', data_path='C:\\Users\\HP\\AppData\\Roaming\\MetaQuotes\\Terminal\\10CE948A1DFC9A8C27E56E827008EBD4\\MQL5\\Files\\results\\live_eurusd.csv', capital=10000.0, max_drawdown=0.2, weighting='equal', tag='COMPETITION_LIVE', paper=False, paper_log='results/competition_live_log.jsonl', paper_max_notional=0.0, execution_policy='RESEARCH', state_path='results/live_state.json', explain_decisions=False)
2026-01-14T14:32:06.798062 | PROMOTED_COUNT: 2
2026-01-14T14:37:06.654524 | ARGS: Namespace(policy='WF_V1', symbol='EURUSD', data_path='C:\\Users\\HP\\AppData\\Roaming\\MetaQuotes\\Terminal\\10CE948A1DFC9A8C27E56E827008EBD4\\MQL5\\Files\\results\\live_eurusd.csv', capital=10000.0, max_drawdown=0.2, weighting='equal', tag='COMPETITION_LIVE', paper=False, paper_log='results/competition_live_log.jsonl', paper_max_notional=0.0, execution_policy='RESEARCH', state_path='results/live_state.json', explain_decisions=False)
2026-01-14T14:37:06.702029 | PROMOTED_COUNT: 2
2026-01-14T14:42:05.714678 | ARGS: Namespace(policy='WF_V1', symbol='EURUSD', data_path='C:\\Users\\HP\\AppData\\Roaming\\MetaQuotes\\Terminal\\10CE948A1DFC9A8C27E56E827008EBD4\\MQL5\\Files\\results\\live_eurusd.csv', capital=10000.0, max_drawdown=0.2, weighting='equal', tag='COMPETITION_LIVE', paper=False, paper_log='results/competition_live_log.jsonl', paper_max_notional=0.0, execution_policy='RESEARCH', state_path='results/live_state.json', explain_decisions=False)
2026-01-14T14:42:05.735288 | PROMOTED_COUNT: 2
2026-01-14T14:47:07.436686 | ARGS: Namespace(policy='WF_V1', symbol='EURUSD', data_path='C:\\Users\\HP\\AppData\\Roaming\\MetaQuotes\\Terminal\\10CE948A1DFC9A8C27E56E827008EBD4\\MQL5\\Files\\results\\live_eurusd.csv', capital=10000.0, max_drawdown=0.2, weighting='equal', tag='COMPETITION_LIVE', paper=False, paper_log='results/competition_live_log.jsonl', paper_max_notional=0.0, execution_policy='RESEARCH', state_path='results/live_state.json', explain_decisions=False)
2026-01-14T14:47:07.469460 | PROMOTED_COUNT: 2
2026-01-14T14:52:07.470579 | ARGS: Namespace(policy='WF_V1', symbol='EURUSD', data_path='C:\\Users\\HP\\AppData\\Roaming\\MetaQuotes\\Terminal\\10CE948A1DFC9A8C27E56E827008EBD4\\MQL5\\Files\\results\\live_eurusd.csv', capital=10000.0, max_drawdown=0.2, weighting='equal', tag='COMPETITION_LIVE', paper=False, paper_log='results/competition_live_log.jsonl', paper_max_notional=0.0, execution_policy='RESEARCH', state_path='results/live_state.json', explain_decisions=True)
2026-01-14T14:52:07.503599 | PROMOTED_COUNT: 2
2026-01-14T14:57:04.931188 | ARGS: Namespace(policy='WF_V1', symbol='EURUSD', data_path='C:\\Users\\HP\\AppData\\Roaming\\MetaQuotes\\Terminal\\10CE948A1DFC9A8C27E56E827008EBD4\\MQL5\\Files\\results\\live_eurusd.csv', capital=10000.0, max_drawdown=0.2, weighting='equal', tag='COMPETITION_LIVE', paper=False, paper_log='results/competition_live_log.jsonl', paper_max_notional=0.0, execution_policy='RESEARCH', state_path='results/live_state.json', explain_decisions=True)
2026-01-14T14:57:04.944156 | PROMOTED_COUNT: 2
2026-01-14T15:02:05.797261 | ARGS: Namespace(policy='WF_V1', symbol='EURUSD', data_path='C:\\Users\\HP\\AppData\\Roaming\\MetaQuotes\\Terminal\\10CE948A1DFC9A8C27E56E827008EBD4\\MQL5\\Files\\results\\live_eurusd.csv', capital=10000.0, max_drawdown=0.2, weighting='equal', tag='COMPETITION_LIVE', paper=False, paper_log='results/competition_live_log.jsonl', paper_max_notional=0.0, execution_policy='RESEARCH', state_path='results/live_state.json', explain_decisions=True)
2026-01-14T15:02:05.810246 | PROMOTED_COUNT: 2
2026-01-14T15:02:32.196406 | ARGS: Namespace(policy='WF_V1', symbol='EURUSD', data_path='C:\\Users\\HP\\AppData\\Roaming\\MetaQuotes\\Terminal\\10CE948A1DFC9A8C27E56E827008EBD4\\MQL5\\Files\\results\\live_eurusd.csv', capital=10000.0, max_drawdown=0.2, weighting='equal', tag='COMPETITION_LIVE', paper=False, paper_log='results\\competition_live_log.jsonl', paper_max_notional=0.0, execution_policy='RESEARCH', state_path='results\\live_state.json', explain_decisions=True)
2026-01-14T15:02:32.204479 | PROMOTED_COUNT: 2
2026-01-14T15:07:04.553768 | ARGS: Namespace(policy='WF_V1', symbol='EURUSD', data_path='C:\\Users\\HP\\AppData\\Roaming\\MetaQuotes\\Terminal\\10CE948A1DFC9A8C27E56E827008EBD4\\MQL5\\Files\\results\\live_eurusd.csv', capital=10000.0, max_drawdown=0.2, weighting='equal', tag='COMPETITION_LIVE', paper=False, paper_log='results/competition_live_log.jsonl', paper_max_notional=0.0, execution_policy='RESEARCH', state_path='results/live_state.json', explain_decisions=True)
2026-01-14T15:07:04.563914 | PROMOTED_COUNT: 2
2026-01-14T15:12:05.097883 | ARGS: Namespace(policy='WF_V1', symbol='EURUSD', data_path='C:\\Users\\HP\\AppData\\Roaming\\MetaQuotes\\Terminal\\10CE948A1DFC9A8C27E56E827008EBD4\\MQL5\\Files\\results\\live_eurusd.csv', capital=10000.0, max_drawdown=0.2, weighting='equal', tag='COMPETITION_LIVE', paper=False, paper_log='results/competition_live_log.jsonl', paper_max_notional=0.0, execution_policy='RESEARCH', state_path='results/live_state.json', explain_decisions=True)
2026-01-14T15:12:05.110285 | PROMOTED_COUNT: 2
2026-01-14T15:17:05.196267 | ARGS: Namespace(policy='WF_V1', symbol='EURUSD', data_path='C:\\Users\\HP\\AppData\\Roaming\\MetaQuotes\\Terminal\\10CE948A1DFC9A8C27E56E827008EBD4\\MQL5\\Files\\results\\live_eurusd.csv', capital=10000.0, max_drawdown=0.2, weighting='equal', tag='COMPETITION_LIVE', paper=False, paper_log='results/competition_live_log.jsonl', paper_max_notional=0.0, execution_policy='RESEARCH', state_path='results/live_state.json', explain_decisions=True)
2026-01-14T15:17:05.208036 | PROMOTED_COUNT: 2
2026-01-14T15:22:05.163895 | ARGS: Namespace(policy='WF_V1', symbol='EURUSD', data_path='C:\\Users\\HP\\AppData\\Roaming\\MetaQuotes\\Terminal\\10CE948A1DFC9A8C27E56E827008EBD4\\MQL5\\Files\\results\\live_eurusd.csv', capital=10000.0, max_drawdown=0.2, weighting='equal', tag='COMPETITION_LIVE', paper=False, paper_log='results/competition_live_log.jsonl', paper_max_notional=0.0, execution_policy='RESEARCH', state_path='results/live_state.json', explain_decisions=True)
2026-01-14T15:22:05.178566 | PROMOTED_COUNT: 2
2026-01-14T15:23:10.338516 | ARGS: Namespace(policy='WF_V1', symbol='EURUSD', data_path='C:\\Users\\HP\\AppData\\Roaming\\MetaQuotes\\Terminal\\10CE948A1DFC9A8C27E56E827008EBD4\\MQL5\\Files\\results\\live_eurusd.csv', capital=10000.0, max_drawdown=0.2, weighting='equal', tag='COMPETITION_LIVE', paper=False, paper_log='results/competition_live_log.jsonl', paper_max_notional=0.0, execution_policy='RESEARCH', state_path='results/live_state.json', explain_decisions=True)
2026-01-14T15:23:10.350069 | PROMOTED_COUNT: 2
2026-01-14T15:27:07.649476 | ARGS: Namespace(policy='WF_V1', symbol='EURUSD', data_path='C:\\Users\\HP\\AppData\\Roaming\\MetaQuotes\\Terminal\\10CE948A1DFC9A8C27E56E827008EBD4\\MQL5\\Files\\results\\live_eurusd.csv', capital=10000.0, max_drawdown=0.2, weighting='equal', tag='COMPETITION_LIVE', paper=False, paper_log='results/competition_live_log.jsonl', paper_max_notional=0.0, execution_policy='RESEARCH', state_path='results/live_state.json', explain_decisions=True)
2026-01-14T15:27:07.661736 | PROMOTED_COUNT: 2
2026-01-14T15:31:45.424220 | ARGS: Namespace(policy='WF_V1', symbol='EURUSD', data_path='C:\\Users\\HP\\AppData\\Roaming\\MetaQuotes\\Terminal\\10CE948A1DFC9A8C27E56E827008EBD4\\MQL5\\Files\\results\\live_eurusd.csv', capital=10000.0, max_drawdown=0.2, weighting='equal', tag='COMPETITION_LIVE', paper=False, paper_log='results/competition_live_log.jsonl', paper_max_notional=0.0, execution_policy='RESEARCH', state_path='results/live_state.json', explain_decisions=True)
2026-01-14T15:31:45.437173 | PROMOTED_COUNT: 2
2026-01-14T15:32:05.339612 | ARGS: Namespace(policy='WF_V1', symbol='EURUSD', data_path='C:\\Users\\HP\\AppData\\Roaming\\MetaQuotes\\Terminal\\10CE948A1DFC9A8C27E56E827008EBD4\\MQL5\\Files\\results\\live_eurusd.csv', capital=10000.0, max_drawdown=0.2, weighting='equal', tag='COMPETITION_LIVE', paper=False, paper_log='results/competition_live_log.jsonl', paper_max_notional=0.0, execution_policy='RESEARCH', state_path='results/live_state.json', explain_decisions=True)
2026-01-14T15:32:05.350922 | PROMOTED_COUNT: 2
2026-01-14T15:37:06.199905 | ARGS: Namespace(policy='WF_V1', symbol='EURUSD', data_path='C:\\Users\\HP\\AppData\\Roaming\\MetaQuotes\\Terminal\\10CE948A1DFC9A8C27E56E827008EBD4\\MQL5\\Files\\results\\live_eurusd.csv', capital=10000.0, max_drawdown=0.2, weighting='equal', tag='COMPETITION_LIVE', paper=False, paper_log='results/competition_live_log.jsonl', paper_max_notional=0.0, execution_policy='RESEARCH', state_path='results/live_state.json', explain_decisions=True)
2026-01-14T15:37:06.211376 | PROMOTED_COUNT: 2
2026-01-14T15:42:05.483521 | ARGS: Namespace(policy='WF_V1', symbol='EURUSD', data_path='C:\\Users\\HP\\AppData\\Roaming\\MetaQuotes\\Terminal\\10CE948A1DFC9A8C27E56E827008EBD4\\MQL5\\Files\\results\\live_eurusd.csv', capital=10000.0, max_drawdown=0.2, weighting='equal', tag='COMPETITION_LIVE', paper=False, paper_log='results/competition_live_log.jsonl', paper_max_notional=0.0, execution_policy='RESEARCH', state_path='results/live_state.json', explain_decisions=True)
2026-01-14T15:42:05.495243 | PROMOTED_COUNT: 2
2026-01-14T15:47:05.129408 | ARGS: Namespace(policy='WF_V1', symbol='EURUSD', data_path='C:\\Users\\HP\\AppData\\Roaming\\MetaQuotes\\Terminal\\10CE948A1DFC9A8C27E56E827008EBD4\\MQL5\\Files\\results\\live_eurusd.csv', capital=10000.0, max_drawdown=0.2, weighting='equal', tag='COMPETITION_LIVE', paper=False, paper_log='results/competition_live_log.jsonl', paper_max_notional=0.0, execution_policy='RESEARCH', state_path='results/live_state.json', explain_decisions=True)
2026-01-14T15:47:05.141115 | PROMOTED_COUNT: 2
